2022-12-07 15:40:48,771 - pyswarms.single.global_best - INFO - Optimize for 1000 iters with {'c1': 0.5, 'c2': 0.3, 'w': 0.9}
2022-12-07 15:40:49,342 - pyswarms.single.global_best - INFO - Optimization finished | best cost: 2.3426613822128837e-43, best pos: [3.78010095e-22 3.02282164e-22]
2022-12-07 15:40:52,674 - pyswarms.single.global_best - INFO - Optimize for 1000 iters with {'c1': 0.5, 'c2': 0.3, 'w': 0.9}
2022-12-07 15:40:53,180 - pyswarms.single.global_best - INFO - Optimization finished | best cost: 2.892168557925198e-43, best pos: [3.70725911e-22 1.50180620e-22 3.59478700e-22]
2022-12-07 15:40:56,018 - pyswarms.single.global_best - INFO - Optimize for 1000 iters with {'c1': 0.5, 'c2': 0.3, 'w': 0.9}
2022-12-07 15:40:56,576 - pyswarms.single.global_best - INFO - Optimization finished | best cost: 4.440892098500626e-16, best pos: [2.43017952e-16 5.75366776e-17]
2022-12-07 15:40:59,292 - pyswarms.single.global_best - INFO - Optimize for 1000 iters with {'c1': 0.5, 'c2': 0.3, 'w': 0.9}
2022-12-07 15:40:59,833 - pyswarms.single.global_best - INFO - Optimization finished | best cost: 4.440892098500626e-16, best pos: [ 1.49131119e-17  2.21907232e-17 -1.94572574e-17]

2022-12-07 16:36:16,247 - pyswarms.single.global_best - INFO - Optimize for 1000 iters with {'c1': 1, 'c2': 0.3, 'w': 0.9}
2022-12-07 16:36:16,755 - pyswarms.single.global_best - INFO - Optimization finished | best cost: 6.82591817230103e-35, best pos: [8.26191148e-18 6.51925432e-22]
2022-12-07 16:36:20,094 - pyswarms.single.global_best - INFO - Optimize for 1000 iters with {'c1': 1, 'c2': 0.3, 'w': 0.9}
2022-12-07 16:36:20,578 - pyswarms.single.global_best - INFO - Optimization finished | best cost: 6.601392309724231e-29, best pos: [ 1.63094340e-15 -7.90336984e-15 -9.43764746e-16]
2022-12-07 16:36:22,538 - pyswarms.single.global_best - INFO - Optimize for 1000 iters with {'c1': 1, 'c2': 0.3, 'w': 0.9}
2022-12-07 16:36:23,072 - pyswarms.single.global_best - INFO - Optimization finished | best cost: 1.1102230246251565e-14, best pos: [3.55484677e-15 2.27967387e-15]
2022-12-07 16:36:25,024 - pyswarms.single.global_best - INFO - Optimize for 1000 iters with {'c1': 1, 'c2': 0.3, 'w': 0.9}
2022-12-07 16:36:25,541 - pyswarms.single.global_best - INFO - Optimization finished | best cost: 4.440892098500626e-16, best pos: [ 1.22054023e-16 -1.35944167e-16  2.68470410e-16]

2022-12-07 17:06:03,323 - pyswarms.single.global_best - INFO - Optimize for 1000 iters with {'c1': 0.5, 'c2': 0.5, 'w': 0.9}
2022-12-07 17:06:03,829 - pyswarms.single.global_best - INFO - Optimization finished | best cost: 1.6558958231072747e-42, best pos: [-1.13074696e-21 -6.14253311e-22]
2022-12-07 17:06:08,695 - pyswarms.single.global_best - INFO - Optimize for 1000 iters with {'c1': 0.5, 'c2': 0.5, 'w': 0.9}
2022-12-07 17:06:09,183 - pyswarms.single.global_best - INFO - Optimization finished | best cost: 7.713450177295974e-41, best pos: [-9.75916841e-22 -8.05586987e-21  3.35932267e-21]
2022-12-07 17:06:11,578 - pyswarms.single.global_best - INFO - Optimize for 1000 iters with {'c1': 0.5, 'c2': 0.5, 'w': 0.9}
2022-12-07 17:06:12,169 - pyswarms.single.global_best - INFO - Optimization finished | best cost: 4.440892098500626e-16, best pos: [-3.09068469e-16 -1.79678046e-16]
2022-12-07 17:06:14,033 - pyswarms.single.global_best - INFO - Optimize for 1000 iters with {'c1': 0.5, 'c2': 0.5, 'w': 0.9}
2022-12-07 17:06:14,576 - pyswarms.single.global_best - INFO - Optimization finished | best cost: 4.440892098500626e-16, best pos: [-3.12487365e-16  1.69535904e-17 -1.18603468e-16]

2022-12-07 17:20:04,860 - pyswarms.single.global_best - INFO - Optimize for 1000 iters with {'c1': 0.5, 'c2': 0.3, 'w': 1}
2022-12-07 17:20:05,325 - pyswarms.single.global_best - INFO - Optimization finished | best cost: 0.007216802849245604, best pos: [ 0.08280429 -0.0189803 ]
2022-12-07 17:20:07,770 - pyswarms.single.global_best - INFO - Optimize for 1000 iters with {'c1': 0.5, 'c2': 0.3, 'w': 1}
2022-12-07 17:20:08,229 - pyswarms.single.global_best - INFO - Optimization finished | best cost: 0.005530042029073819, best pos: [ 0.03416736 -0.06421318  0.01546935]
2022-12-07 17:20:10,417 - pyswarms.single.global_best - INFO - Optimize for 1000 iters with {'c1': 0.5, 'c2': 0.3, 'w': 0.9}
2022-12-07 17:20:10,942 - pyswarms.single.global_best - INFO - Optimization finished | best cost: 4.440892098500626e-16, best pos: [ 1.36993534e-16 -2.48384797e-16]
2022-12-07 17:20:13,380 - pyswarms.single.global_best - INFO - Optimize for 1000 iters with {'c1': 0.5, 'c2': 0.3, 'w': 0.9}
2022-12-07 17:20:13,941 - pyswarms.single.global_best - INFO - Optimization finished | best cost: 4.440892098500626e-16, best pos: [-2.59376513e-16 -1.79648786e-16  1.86754774e-16]


2022-12-07 17:27:00,763 - pyswarms.single.global_best - INFO - Optimize for 1000 iters with {'c1': 0.5, 'c2': 0.3, 'w': 1.5}
2022-12-07 17:27:01,284 - pyswarms.single.global_best - INFO - Optimization finished | best cost: 0.017185260251670408, best pos: [-0.11461615  0.06362702]
2022-12-07 17:27:04,351 - pyswarms.single.global_best - INFO - Optimize for 1000 iters with {'c1': 0.5, 'c2': 0.3, 'w': 1.5}
2022-12-07 17:27:04,793 - pyswarms.single.global_best - INFO - Optimization finished | best cost: 0.3410916714059792, best pos: [ 0.01915389  0.21052588 -0.54442966]
2022-12-07 17:27:05,616 - pyswarms.single.global_best - INFO - Optimize for 1000 iters with {'c1': 0.5, 'c2': 0.5, 'w': 0.2}
2022-12-07 17:27:06,296 - pyswarms.single.global_best - INFO - Optimization finished | best cost: 1.7055433336693864, best pos: [0.08731274 0.22147976]
2022-12-07 17:27:07,599 - pyswarms.single.global_best - INFO - Optimize for 1000 iters with {'c1': 0.5, 'c2': 0.5, 'w': 0.2}
2022-12-07 17:27:08,294 - pyswarms.single.global_best - INFO - Optimization finished | best cost: 2.334126531312514, best pos: [0.03548606 0.20605561 0.33586263]
