2022-11-30 16:26:50,238 - pyswarms.single.global_best - INFO - Optimize for 1000 iters with {'c1': 0.5, 'c2': 0.3, 'w': 0.9}
2022-11-30 16:26:51,039 - pyswarms.single.global_best - INFO - Optimization finished | best cost: 2.00018277112074e-43, best pos: [ 1.54559104e-22 -4.19678163e-22]

2022-11-30 16:26:52,002 - pyswarms.single.global_best - INFO - Optimize for 1000 iters with {'c1': 0.5, 'c2': 0.3, 'w': 0.9}
2022-11-30 16:26:52,792 - pyswarms.single.global_best - INFO - Optimization finished | best cost: 4.38006217203299e-43, best pos: [-2.49951360e-22  5.30191772e-22  3.07290124e-22]

2022-11-30 16:26:54,319 - pyswarms.single.global_best - INFO - Optimize for 1000 iters with {'c1': 0.5, 'c2': 0.3, 'w': 0.9}
2022-11-30 16:26:55,044 - pyswarms.single.global_best - INFO - Optimization finished | best cost: 4.440892098500626e-16, best pos: [3.36778318e-16 1.74761605e-17]

2022-11-30 16:26:56,754 - pyswarms.single.global_best - INFO - Optimize for 1000 iters with {'c1': 0.5, 'c2': 0.3, 'w': 0.9}
2022-11-30 16:26:57,413 - pyswarms.single.global_best - INFO - Optimization finished | best cost: 3.9968028886505635e-15, best pos: [ 1.98472225e-15 -8.93996851e-16 -8.52219671e-16]
2022-12-01 18:17:27,754 - pyswarms.single.global_best - INFO - Optimize for 1000 iters with {'c1': 0.5, 'c2': 0.3, 'w': 0.9}
2022-12-01 18:17:28,720 - pyswarms.single.global_best - INFO - Optimization finished | best cost: 2.7816468101318034e-45, best pos: [-2.60997288e-23  4.58306771e-23]
2022-12-01 18:17:29,896 - pyswarms.single.global_best - INFO - Optimize for 1000 iters with {'c1': 0.5, 'c2': 0.3, 'w': 0.9}
2022-12-01 18:17:30,783 - pyswarms.single.global_best - INFO - Optimization finished | best cost: 7.914653402327708e-42, best pos: [7.69434894e-22 9.60397740e-22 2.52987342e-21]
2022-12-01 18:17:32,834 - pyswarms.single.global_best - INFO - Optimize for 1000 iters with {'c1': 0.5, 'c2': 0.3, 'w': 0.9}
2022-12-01 18:17:34,050 - pyswarms.single.global_best - INFO - Optimization finished | best cost: 4.440892098500626e-16, best pos: [-2.87536125e-16 -2.41532092e-16]
2022-12-01 18:17:37,658 - pyswarms.single.global_best - INFO - Optimize for 1000 iters with {'c1': 0.5, 'c2': 0.3, 'w': 0.9}
2022-12-01 18:17:39,240 - pyswarms.single.global_best - INFO - Optimization finished | best cost: 4.440892098500626e-16, best pos: [1.80518212e-16 1.47247332e-16 3.61933826e-16]
2022-12-01 18:22:33,638 - pyswarms.single.global_best - INFO - Optimize for 1000 iters with {'c1': 0.5, 'c2': 0.3, 'w': 0.9}
2022-12-01 18:22:34,425 - pyswarms.single.global_best - INFO - Optimization finished | best cost: 4.485315115547946e-44, best pos: [ 6.90550207e-23 -2.00211277e-22]
2022-12-01 18:22:50,495 - pyswarms.single.global_best - INFO - Optimize for 1000 iters with {'c1': 0.5, 'c2': 0.3, 'w': 0.9}
2022-12-01 18:22:51,281 - pyswarms.single.global_best - INFO - Optimization finished | best cost: 1.4918611356152685e-43, best pos: [-1.77859708e-22 -2.46308361e-22  2.38504149e-22]
2022-12-01 18:22:52,445 - pyswarms.single.global_best - INFO - Optimize for 1000 iters with {'c1': 0.5, 'c2': 0.3, 'w': 0.9}
2022-12-01 18:22:53,328 - pyswarms.single.global_best - INFO - Optimization finished | best cost: 4.440892098500626e-16, best pos: [2.71660988e-16 1.60216588e-16]
2022-12-01 18:22:54,499 - pyswarms.single.global_best - INFO - Optimize for 1000 iters with {'c1': 0.5, 'c2': 0.3, 'w': 0.9}
2022-12-01 18:22:55,348 - pyswarms.single.global_best - INFO - Optimization finished | best cost: 3.9968028886505635e-15, best pos: [ 1.65787577e-15 -1.56283598e-15  5.56729287e-16]
2022-12-01 18:25:09,041 - pyswarms.single.global_best - INFO - Optimize for 1000 iters with {'c1': 0.5, 'c2': 0.3, 'w': 0.9}
2022-12-01 18:25:09,785 - pyswarms.single.global_best - INFO - Optimization finished | best cost: 3.819621719991468e-41, best pos: [ 7.21692663e-22 -6.13802712e-21]
2022-12-01 18:25:20,076 - pyswarms.single.global_best - INFO - Optimize for 1000 iters with {'c1': 0.5, 'c2': 0.3, 'w': 0.9}
2022-12-01 18:25:20,803 - pyswarms.single.global_best - INFO - Optimization finished | best cost: 7.252568778624085e-40, best pos: [2.58969025e-20 4.78110813e-21 5.63456520e-21]
2022-12-01 18:25:21,991 - pyswarms.single.global_best - INFO - Optimize for 1000 iters with {'c1': 0.5, 'c2': 0.3, 'w': 0.9}
2022-12-01 18:25:22,887 - pyswarms.single.global_best - INFO - Optimization finished | best cost: 4.440892098500626e-16, best pos: [ 7.00486938e-17 -4.51049761e-17]
2022-12-01 18:25:24,174 - pyswarms.single.global_best - INFO - Optimize for 1000 iters with {'c1': 0.5, 'c2': 0.3, 'w': 0.9}
2022-12-01 18:25:25,113 - pyswarms.single.global_best - INFO - Optimization finished | best cost: 4.440892098500626e-16, best pos: [-2.30940006e-16  1.89458427e-16  2.48809178e-16]
2022-12-01 18:25:54,332 - pyswarms.single.global_best - INFO - Optimize for 1000 iters with {'c1': 0.5, 'c2': 0.3, 'w': 0.9}
2022-12-01 18:25:57,442 - pyswarms.single.global_best - INFO - Optimization finished | best cost: 6.359894886592698e-43, best pos: [-7.03831087e-22  3.74981718e-22]
2022-12-01 18:25:59,990 - pyswarms.single.global_best - INFO - Optimize for 1000 iters with {'c1': 0.5, 'c2': 0.3, 'w': 0.9}
2022-12-01 18:26:02,956 - pyswarms.single.global_best - INFO - Optimization finished | best cost: 8.07912578175656e-40, best pos: [-2.83881802e-20  1.41292201e-21  1.65695777e-22]
2022-12-01 18:26:04,696 - pyswarms.single.global_best - INFO - Optimize for 1000 iters with {'c1': 0.5, 'c2': 0.3, 'w': 0.9}
2022-12-01 18:26:08,024 - pyswarms.single.global_best - INFO - Optimization finished | best cost: 4.440892098500626e-16, best pos: [2.56682004e-16 6.75525382e-18]
2022-12-01 18:26:09,997 - pyswarms.single.global_best - INFO - Optimize for 1000 iters with {'c1': 0.5, 'c2': 0.3, 'w': 0.9}
2022-12-01 18:26:13,110 - pyswarms.single.global_best - INFO - Optimization finished | best cost: 4.440892098500626e-16, best pos: [ 1.02359221e-16 -4.60860547e-16 -8.59055848e-17]
2022-12-01 18:26:55,142 - pyswarms.single.global_best - INFO - Optimize for 1000 iters with {'c1': 0.5, 'c2': 0.3, 'w': 0.9}
2022-12-01 18:26:55,905 - pyswarms.single.global_best - INFO - Optimization finished | best cost: 1.8367673438705239e-41, best pos: [-3.13270348e-21 -2.92469525e-21]
2022-12-01 18:29:30,529 - pyswarms.single.global_best - INFO - Optimize for 1000 iters with {'c1': 0.5, 'c2': 0.3, 'w': 0.9}
2022-12-01 18:29:31,285 - pyswarms.single.global_best - INFO - Optimization finished | best cost: 5.091012519270776e-42, best pos: [-1.40374263e-21  1.76649912e-21]
2022-12-01 18:29:38,019 - pyswarms.single.global_best - INFO - Optimize for 1000 iters with {'c1': 0.5, 'c2': 0.3, 'w': 0.9}
2022-12-01 18:29:38,798 - pyswarms.single.global_best - INFO - Optimization finished | best cost: 8.859621790914068e-40, best pos: [-1.59570122e-20  1.74766203e-20  1.80528027e-20]
2022-12-01 18:29:40,009 - pyswarms.single.global_best - INFO - Optimize for 1000 iters with {'c1': 0.5, 'c2': 0.3, 'w': 0.9}
2022-12-01 18:29:40,877 - pyswarms.single.global_best - INFO - Optimization finished | best cost: 4.440892098500626e-16, best pos: [1.53074603e-16 2.25865147e-16]
2022-12-01 18:29:42,096 - pyswarms.single.global_best - INFO - Optimize for 1000 iters with {'c1': 0.5, 'c2': 0.3, 'w': 0.9}
2022-12-01 18:29:43,006 - pyswarms.single.global_best - INFO - Optimization finished | best cost: 3.9968028886505635e-15, best pos: [-1.50059561e-15 -1.64721213e-15  3.41798796e-16]
2022-12-01 18:40:42,586 - pyswarms.single.global_best - INFO - Optimize for 1000 iters with {'c1': 0.5, 'c2': 0.3, 'w': 0.9}
2022-12-01 18:40:45,387 - pyswarms.single.global_best - INFO - Optimization finished | best cost: 9.290967397746354e-43, best pos: [-8.77574924e-24  9.63856694e-22]
2022-12-01 18:40:48,323 - pyswarms.single.global_best - INFO - Optimize for 1000 iters with {'c1': 0.5, 'c2': 0.3, 'w': 0.9}
2022-12-01 18:40:51,127 - pyswarms.single.global_best - INFO - Optimization finished | best cost: 1.6343638287090344e-42, best pos: [8.55654367e-22 1.04392083e-22 9.44098367e-22]
2022-12-01 18:40:52,771 - pyswarms.single.global_best - INFO - Optimize for 1000 iters with {'c1': 0.5, 'c2': 0.3, 'w': 0.9}
2022-12-01 18:40:55,552 - pyswarms.single.global_best - INFO - Optimization finished | best cost: 4.440892098500626e-16, best pos: [ 2.82254628e-17 -1.47827415e-16]
2022-12-01 18:40:57,342 - pyswarms.single.global_best - INFO - Optimize for 1000 iters with {'c1': 0.5, 'c2': 0.3, 'w': 0.9}
2022-12-01 18:41:00,217 - pyswarms.single.global_best - INFO - Optimization finished | best cost: 4.440892098500626e-16, best pos: [-2.68178417e-17 -2.49848255e-16 -3.80484334e-16]
2022-12-06 14:37:38,116 - pyswarms.single.global_best - INFO - Optimize for 1000 iters with {'c1': 0.5, 'c2': 0.3, 'w': 0.9}
2022-12-06 14:37:39,013 - pyswarms.single.global_best - INFO - Optimization finished | best cost: 1.3839664608963507e-39, best pos: [7.90994386e-21 3.63510557e-20]
2022-12-06 14:43:08,136 - pyswarms.single.global_best - INFO - Optimize for 1000 iters with {'c1': 0.5, 'c2': 0.3, 'w': 0.9}
2022-12-06 14:43:09,014 - pyswarms.single.global_best - INFO - Optimization finished | best cost: 5.133143505707688e-44, best pos: [-2.13939994e-22 -7.45728778e-23]
2022-12-06 14:43:31,069 - pyswarms.single.global_best - INFO - Optimize for 1000 iters with {'c1': 0.5, 'c2': 0.3, 'w': 0.9}
2022-12-06 14:43:32,017 - pyswarms.single.global_best - INFO - Optimization finished | best cost: 6.226702480990292e-43, best pos: [ 6.40773829e-22 -4.60355956e-22 -1.23102458e-23]
2022-12-06 14:43:33,198 - pyswarms.single.global_best - INFO - Optimize for 1000 iters with {'c1': 0.5, 'c2': 0.3, 'w': 0.9}
2022-12-06 14:43:34,187 - pyswarms.single.global_best - INFO - Optimization finished | best cost: 4.440892098500626e-16, best pos: [-4.23597186e-17 -2.72345177e-16]
2022-12-06 14:43:35,869 - pyswarms.single.global_best - INFO - Optimize for 1000 iters with {'c1': 0.5, 'c2': 0.3, 'w': 0.9}
2022-12-06 14:43:36,709 - pyswarms.single.global_best - INFO - Optimization finished | best cost: 4.440892098500626e-16, best pos: [-4.15804946e-16  2.16740537e-16  6.11024621e-17]
2022-12-06 14:46:43,695 - pyswarms.single.global_best - INFO - Optimize for 1000 iters with {'c1': 0.5, 'c2': 0.3, 'w': 0.9}
2022-12-06 14:46:44,446 - pyswarms.single.global_best - INFO - Optimization finished | best cost: 1.7849651107443165e-44, best pos: [ 1.09434625e-22 -7.66401594e-23]
2022-12-06 14:47:09,730 - pyswarms.single.global_best - INFO - Optimize for 1000 iters with {'c1': 0.5, 'c2': 0.3, 'w': 0.9}
2022-12-06 14:47:10,565 - pyswarms.single.global_best - INFO - Optimization finished | best cost: 2.6735709320961008e-42, best pos: [ 1.47220754e-21 -7.09411324e-22  5.39579155e-23]
2022-12-06 14:47:12,034 - pyswarms.single.global_best - INFO - Optimize for 1000 iters with {'c1': 0.5, 'c2': 0.3, 'w': 0.9}
2022-12-06 14:47:12,922 - pyswarms.single.global_best - INFO - Optimization finished | best cost: 4.440892098500626e-16, best pos: [2.22462525e-16 1.96338050e-16]
2022-12-06 14:47:14,200 - pyswarms.single.global_best - INFO - Optimize for 1000 iters with {'c1': 0.5, 'c2': 0.3, 'w': 0.9}
2022-12-06 14:47:15,059 - pyswarms.single.global_best - INFO - Optimization finished | best cost: 4.440892098500626e-16, best pos: [ 3.00984156e-16  4.07855876e-17 -3.18268401e-16]
2022-12-06 14:47:29,663 - pyswarms.single.global_best - INFO - Optimize for 1000 iters with {'c1': 0.5, 'c2': 0.3, 'w': 0.9}
2022-12-06 14:47:32,301 - pyswarms.single.global_best - INFO - Optimization finished | best cost: 7.296562637206477e-40, best pos: [-2.45418234e-23  2.70121391e-20]
2022-12-06 14:47:38,181 - pyswarms.single.global_best - INFO - Optimize for 1000 iters with {'c1': 0.5, 'c2': 0.3, 'w': 0.9}
2022-12-06 14:47:41,126 - pyswarms.single.global_best - INFO - Optimization finished | best cost: 9.16453351911759e-43, best pos: [5.06997142e-22 9.46236403e-23 8.06507047e-22]
2022-12-06 14:47:42,892 - pyswarms.single.global_best - INFO - Optimize for 1000 iters with {'c1': 0.5, 'c2': 0.3, 'w': 0.9}
2022-12-06 14:47:45,811 - pyswarms.single.global_best - INFO - Optimization finished | best cost: 4.440892098500626e-16, best pos: [-2.79919390e-16 -1.54259907e-16]
2022-12-06 14:47:47,507 - pyswarms.single.global_best - INFO - Optimize for 1000 iters with {'c1': 0.5, 'c2': 0.3, 'w': 0.9}
2022-12-06 14:47:50,092 - pyswarms.single.global_best - INFO - Optimization finished | best cost: 4.440892098500626e-16, best pos: [-2.70141578e-17 -2.07696487e-16 -2.66743697e-16]
2022-12-06 14:50:13,713 - pyswarms.single.global_best - INFO - Optimize for 1000 iters with {'c1': 0.5, 'c2': 0.3, 'w': 0.9}
2022-12-06 14:50:16,133 - pyswarms.single.global_best - INFO - Optimization finished | best cost: 1.1612747654989518e-40, best pos: [ 1.03847157e-20 -2.87839475e-21]
2022-12-06 14:50:21,757 - pyswarms.single.global_best - INFO - Optimize for 1000 iters with {'c1': 0.5, 'c2': 0.3, 'w': 0.9}
2022-12-06 14:50:24,396 - pyswarms.single.global_best - INFO - Optimization finished | best cost: 1.0604801598905788e-42, best pos: [-7.86715245e-22 -5.43329638e-22  3.82560044e-22]
2022-12-06 14:50:25,969 - pyswarms.single.global_best - INFO - Optimize for 1000 iters with {'c1': 0.5, 'c2': 0.3, 'w': 0.9}
2022-12-06 14:50:28,667 - pyswarms.single.global_best - INFO - Optimization finished | best cost: 4.440892098500626e-16, best pos: [2.09418726e-16 1.72381194e-16]
2022-12-06 14:50:30,382 - pyswarms.single.global_best - INFO - Optimize for 1000 iters with {'c1': 0.5, 'c2': 0.3, 'w': 0.9}
2022-12-06 14:50:33,488 - pyswarms.single.global_best - INFO - Optimization finished | best cost: 4.440892098500626e-16, best pos: [-1.45861344e-16 -3.36132860e-16 -1.39244784e-17]
2022-12-06 14:52:02,734 - pyswarms.single.global_best - INFO - Optimize for 1000 iters with {'c1': 0.5, 'c2': 0.3, 'w': 0.9}
2022-12-06 14:52:05,229 - pyswarms.single.global_best - INFO - Optimization finished | best cost: 9.856241598489508e-43, best pos: [9.92096349e-22 3.69999111e-23]
2022-12-06 14:52:58,324 - pyswarms.single.global_best - INFO - Optimize for 1000 iters with {'c1': 0.5, 'c2': 0.3, 'w': 0.9}
2022-12-06 14:53:00,688 - pyswarms.single.global_best - INFO - Optimization finished | best cost: 2.1091045195225535e-40, best pos: [-1.45154690e-20 -4.60013921e-22]
2022-12-06 14:53:04,844 - matplotlib.animation - INFO - Animation.save using <class 'matplotlib.animation.ImageMagickWriter'>
2022-12-06 14:53:04,846 - matplotlib.animation - INFO - MovieWriter._run: running command: convert -size 1000x800 -depth 8 -delay 10.0 -loop 0 rgba:- -layers OptimizePlus shpere.gif
2022-12-06 15:09:46,933 - pyswarms.single.global_best - INFO - Optimize for 1000 iters with {'c1': 0.5, 'c2': 0.3, 'w': 0.9}
2022-12-06 15:09:49,363 - pyswarms.single.global_best - INFO - Optimization finished | best cost: 2.5595475292385685e-45, best pos: [ 1.78378754e-23 -4.73429797e-23]
2022-12-06 15:09:54,513 - pyswarms.single.global_best - INFO - Optimize for 1000 iters with {'c1': 0.5, 'c2': 0.3, 'w': 0.9}
2022-12-06 15:09:56,864 - pyswarms.single.global_best - INFO - Optimization finished | best cost: 4.181487536896251e-43, best pos: [4.36501794e-22 2.83394635e-22 3.83799971e-22]
2022-12-06 15:10:02,181 - pyswarms.single.global_best - INFO - Optimize for 1000 iters with {'c1': 0.5, 'c2': 0.3, 'w': 0.9}
2022-12-06 15:10:04,610 - pyswarms.single.global_best - INFO - Optimization finished | best cost: 4.440892098500626e-16, best pos: [ 2.19634507e-16 -6.43418084e-17]
2022-12-06 15:10:10,800 - pyswarms.single.global_best - INFO - Optimize for 1000 iters with {'c1': 0.5, 'c2': 0.3, 'w': 0.9}
2022-12-06 15:10:13,453 - pyswarms.single.global_best - INFO - Optimization finished | best cost: 4.440892098500626e-16, best pos: [-1.14626235e-16  3.24937210e-16 -2.89535733e-16]
2022-12-06 15:13:16,358 - pyswarms.single.global_best - INFO - Optimize for 1000 iters with {'c1': 0.5, 'c2': 0.3, 'w': 0.9}
2022-12-06 15:13:17,133 - pyswarms.single.global_best - INFO - Optimization finished | best cost: 6.27885111029483e-43, best pos: [-5.06354074e-22  6.09500339e-22]
2022-12-06 15:13:53,121 - pyswarms.single.global_best - INFO - Optimize for 1000 iters with {'c1': 0.5, 'c2': 0.3, 'w': 0.9}
2022-12-06 15:13:53,797 - pyswarms.single.global_best - INFO - Optimization finished | best cost: 1.321408569037068e-34, best pos: [-2.33546925e-18 -1.11710118e-17 -1.37656652e-18]
2022-12-06 15:14:01,788 - pyswarms.single.global_best - INFO - Optimize for 1000 iters with {'c1': 0.5, 'c2': 0.3, 'w': 0.9}
2022-12-06 15:14:02,728 - pyswarms.single.global_best - INFO - Optimization finished | best cost: 4.440892098500626e-16, best pos: [-2.96465229e-16 -1.14990168e-16]
2022-12-06 15:14:06,759 - matplotlib.animation - INFO - Animation.save using <class 'matplotlib.animation.ImageMagickWriter'>
2022-12-06 15:14:06,761 - matplotlib.animation - INFO - MovieWriter._run: running command: convert -size 1000x800 -depth 8 -delay 10.0 -loop 0 rgba:- -layers OptimizePlus Pyramid.gif
2022-12-06 15:26:42,658 - pyswarms.single.global_best - INFO - Optimize for 1000 iters with {'c1': 0.5, 'c2': 0.3, 'w': 0.9}
2022-12-06 15:26:45,461 - pyswarms.single.global_best - INFO - Optimization finished | best cost: 1.1288154348534785e-46, best pos: [-5.45044495e-24  9.11998867e-24]
2022-12-06 15:26:49,346 - matplotlib.animation - INFO - Animation.save using <class 'matplotlib.animation.ImageMagickWriter'>
2022-12-06 15:26:49,348 - matplotlib.animation - INFO - MovieWriter._run: running command: convert -size 1000x800 -depth 8 -delay 10.0 -loop 0 rgba:- -layers OptimizePlus Pyramid.gif
2022-12-06 15:34:39,542 - pyswarms.single.global_best - INFO - Optimize for 1000 iters with {'c1': 0.5, 'c2': 0.3, 'w': 0.9}
2022-12-06 15:34:42,381 - pyswarms.single.global_best - INFO - Optimization finished | best cost: 9.9474547704054e-47, best pos: [ 9.89146205e-24 -1.27809477e-24]
2022-12-06 15:34:45,993 - matplotlib.animation - INFO - Animation.save using <class 'matplotlib.animation.ImageMagickWriter'>
2022-12-06 15:34:45,997 - matplotlib.animation - INFO - MovieWriter._run: running command: convert -size 1000x800 -depth 8 -delay 10.0 -loop 0 rgba:- -layers OptimizePlus Pyramid.gif
2022-12-06 15:41:49,139 - pyswarms.single.global_best - INFO - Optimize for 1000 iters with {'c1': 0.5, 'c2': 0.3, 'w': 0.9}
2022-12-06 15:41:51,979 - pyswarms.single.global_best - INFO - Optimization finished | best cost: 1.6899512218816844e-44, best pos: [5.19859039e-23 1.19151072e-22]
2022-12-06 15:41:56,241 - matplotlib.animation - INFO - Animation.save using <class 'matplotlib.animation.ImageMagickWriter'>
2022-12-06 15:41:56,244 - matplotlib.animation - INFO - MovieWriter._run: running command: convert -size 1000x800 -depth 8 -delay 10.0 -loop 0 rgba:- -layers OptimizePlus Pyramid.gif
2022-12-06 15:47:08,144 - pyswarms.single.global_best - INFO - Optimize for 1000 iters with {'c1': 0.5, 'c2': 0.3, 'w': 0.9}
2022-12-06 15:47:10,081 - pyswarms.single.global_best - INFO - Optimization finished | best cost: 5.889714495448584e-45, best pos: [ 2.00843877e-23 -7.40697770e-23]
2022-12-06 15:47:11,612 - pyswarms.single.global_best - INFO - Optimize for 1000 iters with {'c1': 0.5, 'c2': 0.3, 'w': 0.9}
2022-12-06 15:47:13,398 - pyswarms.single.global_best - INFO - Optimization finished | best cost: 2.893807240795431e-42, best pos: [-8.40709320e-22 -1.01750953e-21 -1.07316794e-21]
2022-12-06 15:47:14,878 - pyswarms.single.global_best - INFO - Optimize for 1000 iters with {'c1': 0.5, 'c2': 0.3, 'w': 0.9}
2022-12-06 15:47:16,656 - pyswarms.single.global_best - INFO - Optimization finished | best cost: 4.440892098500626e-16, best pos: [-1.78354230e-16 -2.46125682e-17]
2022-12-06 15:48:27,773 - pyswarms.single.global_best - INFO - Optimize for 1000 iters with {'c1': 0.5, 'c2': 0.3, 'w': 0.9}
2022-12-06 15:48:29,469 - pyswarms.single.global_best - INFO - Optimization finished | best cost: 2.823553935452834e-41, best pos: [-5.01200631e-21  1.76503035e-21]
2022-12-06 15:48:30,833 - pyswarms.single.global_best - INFO - Optimize for 1000 iters with {'c1': 0.5, 'c2': 0.3, 'w': 0.9}
2022-12-06 15:48:32,716 - pyswarms.single.global_best - INFO - Optimization finished | best cost: 5.932543147951248e-43, best pos: [ 1.56409922e-22  9.10813683e-24 -7.54126841e-22]
2022-12-06 15:48:34,281 - pyswarms.single.global_best - INFO - Optimize for 1000 iters with {'c1': 0.5, 'c2': 0.3, 'w': 0.9}
2022-12-06 15:48:35,902 - pyswarms.single.global_best - INFO - Optimization finished | best cost: 4.440892098500626e-16, best pos: [ 1.33850875e-16 -6.20195857e-17]
2022-12-06 15:49:36,517 - pyswarms.single.global_best - INFO - Optimize for 1000 iters with {'c1': 0.5, 'c2': 0.3, 'w': 0.9}
2022-12-06 15:49:38,377 - pyswarms.single.global_best - INFO - Optimization finished | best cost: 3.261448998197133e-43, best pos: [ 6.34829473e-23 -5.67551597e-22]
2022-12-06 15:49:42,332 - matplotlib.animation - INFO - Animation.save using <class 'matplotlib.animation.ImageMagickWriter'>
2022-12-06 15:49:42,335 - matplotlib.animation - INFO - MovieWriter._run: running command: convert -size 1000x800 -depth 8 -delay 10.0 -loop 0 rgba:- -layers OptimizePlus Pyramid.gif
2022-12-06 15:51:34,010 - pyswarms.single.global_best - INFO - Optimize for 1000 iters with {'c1': 0.5, 'c2': 0.3, 'w': 0.9}
2022-12-06 15:51:35,647 - pyswarms.single.global_best - INFO - Optimization finished | best cost: 7.742680607936901e-45, best pos: [-8.38773609e-23  2.65945282e-23]
2022-12-06 15:51:41,128 - pyswarms.single.global_best - INFO - Optimize for 1000 iters with {'c1': 0.5, 'c2': 0.3, 'w': 0.9}
2022-12-06 15:51:42,905 - pyswarms.single.global_best - INFO - Optimization finished | best cost: 5.2581497094266685e-46, best pos: [-2.14814957e-23 -2.66455276e-24 -7.56706488e-24]
2022-12-06 15:51:46,897 - matplotlib.animation - INFO - Animation.save using <class 'matplotlib.animation.ImageMagickWriter'>
2022-12-06 15:51:46,900 - matplotlib.animation - INFO - MovieWriter._run: running command: convert -size 1000x800 -depth 8 -delay 10.0 -loop 0 rgba:- -layers OptimizePlus Pyramid2.gif
2022-12-06 15:59:21,194 - pyswarms.single.global_best - INFO - Optimize for 1000 iters with {'c1': 0.5, 'c2': 0.3, 'w': 0.9}
2022-12-06 15:59:23,987 - pyswarms.single.global_best - INFO - Optimization finished | best cost: 1.6124551210752572e-44, best pos: [-5.99734921e-23  1.11927349e-22]
2022-12-06 15:59:25,898 - pyswarms.single.global_best - INFO - Optimize for 1000 iters with {'c1': 0.5, 'c2': 0.3, 'w': 0.9}
2022-12-06 15:59:28,824 - pyswarms.single.global_best - INFO - Optimization finished | best cost: 1.5822365121843238e-42, best pos: [-6.61711909e-22  1.05640394e-21 -1.68477240e-22]
2022-12-06 15:59:30,682 - pyswarms.single.global_best - INFO - Optimize for 1000 iters with {'c1': 0.5, 'c2': 0.3, 'w': 0.9}
2022-12-06 15:59:33,643 - pyswarms.single.global_best - INFO - Optimization finished | best cost: 4.440892098500626e-16, best pos: [2.91413745e-16 1.45124063e-16]
2022-12-06 15:59:35,440 - pyswarms.single.global_best - INFO - Optimize for 1000 iters with {'c1': 0.5, 'c2': 0.3, 'w': 0.9}
2022-12-06 15:59:37,964 - pyswarms.single.global_best - INFO - Optimization finished | best cost: 4.440892098500626e-16, best pos: [ 1.29190515e-16 -1.26590787e-16  2.98630287e-16]
2022-12-06 16:00:38,319 - pyswarms.single.global_best - INFO - Optimize for 1000 iters with {'c1': 0.5, 'c2': 0.3, 'w': 0.9}
2022-12-06 16:00:40,829 - pyswarms.single.global_best - INFO - Optimization finished | best cost: 2.2713538701387364e-42, best pos: [6.91619003e-22 1.33903586e-21]
2022-12-06 16:00:44,645 - matplotlib.animation - INFO - Animation.save using <class 'matplotlib.animation.ImageMagickWriter'>
2022-12-06 16:00:44,648 - matplotlib.animation - INFO - MovieWriter._run: running command: convert -size 1000x800 -depth 8 -delay 10.0 -loop 0 rgba:- -layers OptimizePlus Pyramid.gif
2022-12-06 16:06:55,208 - pyswarms.single.global_best - INFO - Optimize for 1000 iters with {'c1': 0.5, 'c2': 0.3, 'w': 0.9}
2022-12-06 16:06:55,921 - pyswarms.single.global_best - INFO - Optimization finished | best cost: 7.223123459407241e-43, best pos: [6.42914122e-22 5.55854097e-22]
2022-12-06 16:07:00,551 - matplotlib.animation - INFO - Animation.save using <class 'matplotlib.animation.ImageMagickWriter'>
2022-12-06 16:07:00,553 - matplotlib.animation - INFO - MovieWriter._run: running command: convert -size 1000x800 -depth 8 -delay 10.0 -loop 0 rgba:- -layers OptimizePlus Pyramid.gif
2022-12-06 16:08:43,911 - pyswarms.single.global_best - INFO - Optimize for 1000 iters with {'c1': 0.5, 'c2': 0.3, 'w': 0.9}
2022-12-06 16:08:44,559 - pyswarms.single.global_best - INFO - Optimization finished | best cost: 5.204816998636692e-43, best pos: [ 6.42031578e-23 -7.18581696e-22]
2022-12-06 16:08:57,441 - pyswarms.single.global_best - INFO - Optimize for 1000 iters with {'c1': 0.5, 'c2': 0.3, 'w': 0.9}
2022-12-06 16:08:58,135 - pyswarms.single.global_best - INFO - Optimization finished | best cost: 7.319305748266265e-42, best pos: [-8.76857141e-22 -2.35920780e-21 -9.92252931e-22]
2022-12-06 16:09:02,693 - matplotlib.animation - INFO - Animation.save using <class 'matplotlib.animation.ImageMagickWriter'>
2022-12-06 16:09:02,694 - matplotlib.animation - INFO - MovieWriter._run: running command: convert -size 1000x800 -depth 8 -delay 10.0 -loop 0 rgba:- -layers OptimizePlus Pyramid2.gif
